<?xml version="1.0" encoding="UTF-8"?>
<robot generator="Robot 3.1.2 (Python 3.8.0 on win32)" generated="20191028 10:48:18.473" rpa="false">
<suite id="s1" name="ReadingExcelLoop" source="C:\Users\geefu\PycharmProjects\TestAutomation\TestCases\ReadingExcelLoop.robot">
<test id="s1-t1" name="TC_001 Login Logout Functionality">
<kw name="Open Browser" library="SeleniumLibrary">
<doc>Opens a new browser instance to the given ``url``.</doc>
<arguments>
<arg>${var1}</arg>
<arg>Chrome</arg>
</arguments>
<msg timestamp="20191028 10:48:19.410" level="INFO">Opening browser 'Chrome' to base url 'http://www.thetestingworld.com'.</msg>
<status status="PASS" starttime="20191028 10:48:19.410" endtime="20191028 10:48:30.322"></status>
</kw>
<kw name="Maximize Browser Window" library="SeleniumLibrary">
<doc>Maximizes current browser window.</doc>
<status status="PASS" starttime="20191028 10:48:30.323" endtime="20191028 10:48:34.494"></status>
</kw>
<kw name="Click Element" library="SeleniumLibrary">
<doc>Click the element identified by ``locator``.</doc>
<arguments>
<arg>xpath://a[text()='Login']</arg>
</arguments>
<msg timestamp="20191028 10:48:34.495" level="INFO">Clicking element 'xpath://a[text()='Login']'.</msg>
<status status="PASS" starttime="20191028 10:48:34.495" endtime="20191028 10:48:36.310"></status>
</kw>
<kw name="Read Number Of Rows" library="UserKeywords">
<arguments>
<arg>GeeSlimmy</arg>
</arguments>
<assign>
<var>${row}</var>
</assign>
<kw name="Fetch Number Of Rows" library="ReadData">
<arguments>
<arg>${sheetname}</arg>
</arguments>
<assign>
<var>${maxr}</var>
</assign>
<msg timestamp="20191028 10:48:36.312" level="INFO">${maxr} = 6</msg>
<status status="PASS" starttime="20191028 10:48:36.312" endtime="20191028 10:48:36.312"></status>
</kw>
<msg timestamp="20191028 10:48:36.312" level="INFO">${row} = 6</msg>
<status status="PASS" starttime="20191028 10:48:36.311" endtime="20191028 10:48:36.312"></status>
</kw>
<kw name="${i} IN RANGE [ 1 | ${row}+1 ]" type="for">
<kw name="${i} = 1" type="foritem">
<kw name="Read Excel Data Cell" library="UserKeywords">
<arguments>
<arg>GeeSlimmy</arg>
<arg>${i}</arg>
<arg>1</arg>
</arguments>
<assign>
<var>${username}</var>
</assign>
<kw name="Fetch Cell Data" library="ReadData">
<arguments>
<arg>${sheetname}</arg>
<arg>${row}</arg>
<arg>${cell}</arg>
</arguments>
<assign>
<var>${celldata}</var>
</assign>
<msg timestamp="20191028 10:48:36.314" level="INFO">${celldata} = username1</msg>
<status status="PASS" starttime="20191028 10:48:36.314" endtime="20191028 10:48:36.314"></status>
</kw>
<msg timestamp="20191028 10:48:36.315" level="INFO">${username} = username1</msg>
<status status="PASS" starttime="20191028 10:48:36.313" endtime="20191028 10:48:36.315"></status>
</kw>
<kw name="Read Excel Data Cell" library="UserKeywords">
<arguments>
<arg>GeeSlimmy</arg>
<arg>${i}</arg>
<arg>2</arg>
</arguments>
<assign>
<var>${password}</var>
</assign>
<kw name="Fetch Cell Data" library="ReadData">
<arguments>
<arg>${sheetname}</arg>
<arg>${row}</arg>
<arg>${cell}</arg>
</arguments>
<assign>
<var>${celldata}</var>
</assign>
<msg timestamp="20191028 10:48:36.316" level="INFO">${celldata} = password1</msg>
<status status="PASS" starttime="20191028 10:48:36.315" endtime="20191028 10:48:36.316"></status>
</kw>
<msg timestamp="20191028 10:48:36.316" level="INFO">${password} = password1</msg>
<status status="PASS" starttime="20191028 10:48:36.315" endtime="20191028 10:48:36.316"></status>
</kw>
<kw name="Input Text" library="SeleniumLibrary">
<doc>Types the given ``text`` into the text field identified by ``locator``.</doc>
<arguments>
<arg>id:username</arg>
<arg>${username}</arg>
</arguments>
<msg timestamp="20191028 10:48:36.317" level="INFO">Typing text 'username1' into text field 'id:username'.</msg>
<status status="PASS" starttime="20191028 10:48:36.316" endtime="20191028 10:48:36.516"></status>
</kw>
<kw name="Input Text" library="SeleniumLibrary">
<doc>Types the given ``text`` into the text field identified by ``locator``.</doc>
<arguments>
<arg>id:password</arg>
<arg>${password}</arg>
</arguments>
<msg timestamp="20191028 10:48:36.516" level="INFO">Typing text 'password1' into text field 'id:password'.</msg>
<status status="PASS" starttime="20191028 10:48:36.516" endtime="20191028 10:48:36.661"></status>
</kw>
<kw name="Click Button" library="SeleniumLibrary">
<doc>Clicks the button identified by ``locator``.</doc>
<arguments>
<arg>xpath://button[@type='submit']</arg>
</arguments>
<msg timestamp="20191028 10:48:36.661" level="INFO">Clicking button 'xpath://button[@type='submit']'.</msg>
<status status="PASS" starttime="20191028 10:48:36.661" endtime="20191028 10:48:38.097"></status>
</kw>
<kw name="Sleep" library="BuiltIn">
<doc>Pauses the test executed for the given time.</doc>
<arguments>
<arg>5s</arg>
</arguments>
<msg timestamp="20191028 10:48:43.099" level="INFO">Slept 5 seconds</msg>
<status status="PASS" starttime="20191028 10:48:38.097" endtime="20191028 10:48:43.099"></status>
</kw>
<status status="PASS" starttime="20191028 10:48:36.313" endtime="20191028 10:48:43.099"></status>
</kw>
<kw name="${i} = 2" type="foritem">
<kw name="Read Excel Data Cell" library="UserKeywords">
<arguments>
<arg>GeeSlimmy</arg>
<arg>${i}</arg>
<arg>1</arg>
</arguments>
<assign>
<var>${username}</var>
</assign>
<kw name="Fetch Cell Data" library="ReadData">
<arguments>
<arg>${sheetname}</arg>
<arg>${row}</arg>
<arg>${cell}</arg>
</arguments>
<assign>
<var>${celldata}</var>
</assign>
<msg timestamp="20191028 10:48:43.100" level="INFO">${celldata} = username2</msg>
<status status="PASS" starttime="20191028 10:48:43.100" endtime="20191028 10:48:43.100"></status>
</kw>
<msg timestamp="20191028 10:48:43.101" level="INFO">${username} = username2</msg>
<status status="PASS" starttime="20191028 10:48:43.099" endtime="20191028 10:48:43.101"></status>
</kw>
<kw name="Read Excel Data Cell" library="UserKeywords">
<arguments>
<arg>GeeSlimmy</arg>
<arg>${i}</arg>
<arg>2</arg>
</arguments>
<assign>
<var>${password}</var>
</assign>
<kw name="Fetch Cell Data" library="ReadData">
<arguments>
<arg>${sheetname}</arg>
<arg>${row}</arg>
<arg>${cell}</arg>
</arguments>
<assign>
<var>${celldata}</var>
</assign>
<msg timestamp="20191028 10:48:43.102" level="INFO">${celldata} = password2</msg>
<status status="PASS" starttime="20191028 10:48:43.101" endtime="20191028 10:48:43.102"></status>
</kw>
<msg timestamp="20191028 10:48:43.102" level="INFO">${password} = password2</msg>
<status status="PASS" starttime="20191028 10:48:43.101" endtime="20191028 10:48:43.102"></status>
</kw>
<kw name="Input Text" library="SeleniumLibrary">
<doc>Types the given ``text`` into the text field identified by ``locator``.</doc>
<arguments>
<arg>id:username</arg>
<arg>${username}</arg>
</arguments>
<msg timestamp="20191028 10:48:43.102" level="INFO">Typing text 'username2' into text field 'id:username'.</msg>
<status status="PASS" starttime="20191028 10:48:43.102" endtime="20191028 10:48:43.232"></status>
</kw>
<kw name="Input Text" library="SeleniumLibrary">
<doc>Types the given ``text`` into the text field identified by ``locator``.</doc>
<arguments>
<arg>id:password</arg>
<arg>${password}</arg>
</arguments>
<msg timestamp="20191028 10:48:43.233" level="INFO">Typing text 'password2' into text field 'id:password'.</msg>
<status status="PASS" starttime="20191028 10:48:43.232" endtime="20191028 10:48:43.362"></status>
</kw>
<kw name="Click Button" library="SeleniumLibrary">
<doc>Clicks the button identified by ``locator``.</doc>
<arguments>
<arg>xpath://button[@type='submit']</arg>
</arguments>
<msg timestamp="20191028 10:48:43.363" level="INFO">Clicking button 'xpath://button[@type='submit']'.</msg>
<status status="PASS" starttime="20191028 10:48:43.362" endtime="20191028 10:48:44.393"></status>
</kw>
<kw name="Sleep" library="BuiltIn">
<doc>Pauses the test executed for the given time.</doc>
<arguments>
<arg>5s</arg>
</arguments>
<msg timestamp="20191028 10:48:49.395" level="INFO">Slept 5 seconds</msg>
<status status="PASS" starttime="20191028 10:48:44.394" endtime="20191028 10:48:49.395"></status>
</kw>
<status status="PASS" starttime="20191028 10:48:43.099" endtime="20191028 10:48:49.395"></status>
</kw>
<kw name="${i} = 3" type="foritem">
<kw name="Read Excel Data Cell" library="UserKeywords">
<arguments>
<arg>GeeSlimmy</arg>
<arg>${i}</arg>
<arg>1</arg>
</arguments>
<assign>
<var>${username}</var>
</assign>
<kw name="Fetch Cell Data" library="ReadData">
<arguments>
<arg>${sheetname}</arg>
<arg>${row}</arg>
<arg>${cell}</arg>
</arguments>
<assign>
<var>${celldata}</var>
</assign>
<msg timestamp="20191028 10:48:49.396" level="INFO">${celldata} = username3</msg>
<status status="PASS" starttime="20191028 10:48:49.396" endtime="20191028 10:48:49.397"></status>
</kw>
<msg timestamp="20191028 10:48:49.397" level="INFO">${username} = username3</msg>
<status status="PASS" starttime="20191028 10:48:49.396" endtime="20191028 10:48:49.397"></status>
</kw>
<kw name="Read Excel Data Cell" library="UserKeywords">
<arguments>
<arg>GeeSlimmy</arg>
<arg>${i}</arg>
<arg>2</arg>
</arguments>
<assign>
<var>${password}</var>
</assign>
<kw name="Fetch Cell Data" library="ReadData">
<arguments>
<arg>${sheetname}</arg>
<arg>${row}</arg>
<arg>${cell}</arg>
</arguments>
<assign>
<var>${celldata}</var>
</assign>
<msg timestamp="20191028 10:48:49.398" level="INFO">${celldata} = password3</msg>
<status status="PASS" starttime="20191028 10:48:49.397" endtime="20191028 10:48:49.398"></status>
</kw>
<msg timestamp="20191028 10:48:49.398" level="INFO">${password} = password3</msg>
<status status="PASS" starttime="20191028 10:48:49.397" endtime="20191028 10:48:49.398"></status>
</kw>
<kw name="Input Text" library="SeleniumLibrary">
<doc>Types the given ``text`` into the text field identified by ``locator``.</doc>
<arguments>
<arg>id:username</arg>
<arg>${username}</arg>
</arguments>
<msg timestamp="20191028 10:48:49.399" level="INFO">Typing text 'username3' into text field 'id:username'.</msg>
<status status="PASS" starttime="20191028 10:48:49.398" endtime="20191028 10:48:49.530"></status>
</kw>
<kw name="Input Text" library="SeleniumLibrary">
<doc>Types the given ``text`` into the text field identified by ``locator``.</doc>
<arguments>
<arg>id:password</arg>
<arg>${password}</arg>
</arguments>
<msg timestamp="20191028 10:48:49.531" level="INFO">Typing text 'password3' into text field 'id:password'.</msg>
<status status="PASS" starttime="20191028 10:48:49.530" endtime="20191028 10:48:49.655"></status>
</kw>
<kw name="Click Button" library="SeleniumLibrary">
<doc>Clicks the button identified by ``locator``.</doc>
<arguments>
<arg>xpath://button[@type='submit']</arg>
</arguments>
<msg timestamp="20191028 10:48:49.655" level="INFO">Clicking button 'xpath://button[@type='submit']'.</msg>
<status status="PASS" starttime="20191028 10:48:49.655" endtime="20191028 10:48:50.924"></status>
</kw>
<kw name="Sleep" library="BuiltIn">
<doc>Pauses the test executed for the given time.</doc>
<arguments>
<arg>5s</arg>
</arguments>
<msg timestamp="20191028 10:48:55.926" level="INFO">Slept 5 seconds</msg>
<status status="PASS" starttime="20191028 10:48:50.924" endtime="20191028 10:48:55.926"></status>
</kw>
<status status="PASS" starttime="20191028 10:48:49.395" endtime="20191028 10:48:55.926"></status>
</kw>
<kw name="${i} = 4" type="foritem">
<kw name="Read Excel Data Cell" library="UserKeywords">
<arguments>
<arg>GeeSlimmy</arg>
<arg>${i}</arg>
<arg>1</arg>
</arguments>
<assign>
<var>${username}</var>
</assign>
<kw name="Fetch Cell Data" library="ReadData">
<arguments>
<arg>${sheetname}</arg>
<arg>${row}</arg>
<arg>${cell}</arg>
</arguments>
<assign>
<var>${celldata}</var>
</assign>
<msg timestamp="20191028 10:48:55.927" level="INFO">${celldata} = username4</msg>
<status status="PASS" starttime="20191028 10:48:55.927" endtime="20191028 10:48:55.927"></status>
</kw>
<msg timestamp="20191028 10:48:55.928" level="INFO">${username} = username4</msg>
<status status="PASS" starttime="20191028 10:48:55.926" endtime="20191028 10:48:55.928"></status>
</kw>
<kw name="Read Excel Data Cell" library="UserKeywords">
<arguments>
<arg>GeeSlimmy</arg>
<arg>${i}</arg>
<arg>2</arg>
</arguments>
<assign>
<var>${password}</var>
</assign>
<kw name="Fetch Cell Data" library="ReadData">
<arguments>
<arg>${sheetname}</arg>
<arg>${row}</arg>
<arg>${cell}</arg>
</arguments>
<assign>
<var>${celldata}</var>
</assign>
<msg timestamp="20191028 10:48:55.929" level="INFO">${celldata} = password4</msg>
<status status="PASS" starttime="20191028 10:48:55.928" endtime="20191028 10:48:55.929"></status>
</kw>
<msg timestamp="20191028 10:48:55.929" level="INFO">${password} = password4</msg>
<status status="PASS" starttime="20191028 10:48:55.928" endtime="20191028 10:48:55.929"></status>
</kw>
<kw name="Input Text" library="SeleniumLibrary">
<doc>Types the given ``text`` into the text field identified by ``locator``.</doc>
<arguments>
<arg>id:username</arg>
<arg>${username}</arg>
</arguments>
<msg timestamp="20191028 10:48:55.929" level="INFO">Typing text 'username4' into text field 'id:username'.</msg>
<status status="PASS" starttime="20191028 10:48:55.929" endtime="20191028 10:48:56.060"></status>
</kw>
<kw name="Input Text" library="SeleniumLibrary">
<doc>Types the given ``text`` into the text field identified by ``locator``.</doc>
<arguments>
<arg>id:password</arg>
<arg>${password}</arg>
</arguments>
<msg timestamp="20191028 10:48:56.060" level="INFO">Typing text 'password4' into text field 'id:password'.</msg>
<status status="PASS" starttime="20191028 10:48:56.060" endtime="20191028 10:48:56.186"></status>
</kw>
<kw name="Click Button" library="SeleniumLibrary">
<doc>Clicks the button identified by ``locator``.</doc>
<arguments>
<arg>xpath://button[@type='submit']</arg>
</arguments>
<msg timestamp="20191028 10:48:56.186" level="INFO">Clicking button 'xpath://button[@type='submit']'.</msg>
<status status="PASS" starttime="20191028 10:48:56.186" endtime="20191028 10:48:57.569"></status>
</kw>
<kw name="Sleep" library="BuiltIn">
<doc>Pauses the test executed for the given time.</doc>
<arguments>
<arg>5s</arg>
</arguments>
<msg timestamp="20191028 10:49:02.571" level="INFO">Slept 5 seconds</msg>
<status status="PASS" starttime="20191028 10:48:57.570" endtime="20191028 10:49:02.571"></status>
</kw>
<status status="PASS" starttime="20191028 10:48:55.926" endtime="20191028 10:49:02.571"></status>
</kw>
<kw name="${i} = 5" type="foritem">
<kw name="Read Excel Data Cell" library="UserKeywords">
<arguments>
<arg>GeeSlimmy</arg>
<arg>${i}</arg>
<arg>1</arg>
</arguments>
<assign>
<var>${username}</var>
</assign>
<kw name="Fetch Cell Data" library="ReadData">
<arguments>
<arg>${sheetname}</arg>
<arg>${row}</arg>
<arg>${cell}</arg>
</arguments>
<assign>
<var>${celldata}</var>
</assign>
<msg timestamp="20191028 10:49:02.572" level="INFO">${celldata} = username5</msg>
<status status="PASS" starttime="20191028 10:49:02.572" endtime="20191028 10:49:02.572"></status>
</kw>
<msg timestamp="20191028 10:49:02.573" level="INFO">${username} = username5</msg>
<status status="PASS" starttime="20191028 10:49:02.571" endtime="20191028 10:49:02.573"></status>
</kw>
<kw name="Read Excel Data Cell" library="UserKeywords">
<arguments>
<arg>GeeSlimmy</arg>
<arg>${i}</arg>
<arg>2</arg>
</arguments>
<assign>
<var>${password}</var>
</assign>
<kw name="Fetch Cell Data" library="ReadData">
<arguments>
<arg>${sheetname}</arg>
<arg>${row}</arg>
<arg>${cell}</arg>
</arguments>
<assign>
<var>${celldata}</var>
</assign>
<msg timestamp="20191028 10:49:02.574" level="INFO">${celldata} = password5</msg>
<status status="PASS" starttime="20191028 10:49:02.573" endtime="20191028 10:49:02.574"></status>
</kw>
<msg timestamp="20191028 10:49:02.574" level="INFO">${password} = password5</msg>
<status status="PASS" starttime="20191028 10:49:02.573" endtime="20191028 10:49:02.574"></status>
</kw>
<kw name="Input Text" library="SeleniumLibrary">
<doc>Types the given ``text`` into the text field identified by ``locator``.</doc>
<arguments>
<arg>id:username</arg>
<arg>${username}</arg>
</arguments>
<msg timestamp="20191028 10:49:02.575" level="INFO">Typing text 'username5' into text field 'id:username'.</msg>
<status status="PASS" starttime="20191028 10:49:02.574" endtime="20191028 10:49:02.705"></status>
</kw>
<kw name="Input Text" library="SeleniumLibrary">
<doc>Types the given ``text`` into the text field identified by ``locator``.</doc>
<arguments>
<arg>id:password</arg>
<arg>${password}</arg>
</arguments>
<msg timestamp="20191028 10:49:02.705" level="INFO">Typing text 'password5' into text field 'id:password'.</msg>
<status status="PASS" starttime="20191028 10:49:02.705" endtime="20191028 10:49:02.835"></status>
</kw>
<kw name="Click Button" library="SeleniumLibrary">
<doc>Clicks the button identified by ``locator``.</doc>
<arguments>
<arg>xpath://button[@type='submit']</arg>
</arguments>
<msg timestamp="20191028 10:49:02.836" level="INFO">Clicking button 'xpath://button[@type='submit']'.</msg>
<status status="PASS" starttime="20191028 10:49:02.836" endtime="20191028 10:49:03.922"></status>
</kw>
<kw name="Sleep" library="BuiltIn">
<doc>Pauses the test executed for the given time.</doc>
<arguments>
<arg>5s</arg>
</arguments>
<msg timestamp="20191028 10:49:08.924" level="INFO">Slept 5 seconds</msg>
<status status="PASS" starttime="20191028 10:49:03.923" endtime="20191028 10:49:08.924"></status>
</kw>
<status status="PASS" starttime="20191028 10:49:02.571" endtime="20191028 10:49:08.924"></status>
</kw>
<kw name="${i} = 6" type="foritem">
<kw name="Read Excel Data Cell" library="UserKeywords">
<arguments>
<arg>GeeSlimmy</arg>
<arg>${i}</arg>
<arg>1</arg>
</arguments>
<assign>
<var>${username}</var>
</assign>
<kw name="Fetch Cell Data" library="ReadData">
<arguments>
<arg>${sheetname}</arg>
<arg>${row}</arg>
<arg>${cell}</arg>
</arguments>
<assign>
<var>${celldata}</var>
</assign>
<msg timestamp="20191028 10:49:08.925" level="INFO">${celldata} = username6</msg>
<status status="PASS" starttime="20191028 10:49:08.925" endtime="20191028 10:49:08.925"></status>
</kw>
<msg timestamp="20191028 10:49:08.926" level="INFO">${username} = username6</msg>
<status status="PASS" starttime="20191028 10:49:08.924" endtime="20191028 10:49:08.926"></status>
</kw>
<kw name="Read Excel Data Cell" library="UserKeywords">
<arguments>
<arg>GeeSlimmy</arg>
<arg>${i}</arg>
<arg>2</arg>
</arguments>
<assign>
<var>${password}</var>
</assign>
<kw name="Fetch Cell Data" library="ReadData">
<arguments>
<arg>${sheetname}</arg>
<arg>${row}</arg>
<arg>${cell}</arg>
</arguments>
<assign>
<var>${celldata}</var>
</assign>
<msg timestamp="20191028 10:49:08.927" level="INFO">${celldata} = password6</msg>
<status status="PASS" starttime="20191028 10:49:08.926" endtime="20191028 10:49:08.927"></status>
</kw>
<msg timestamp="20191028 10:49:08.927" level="INFO">${password} = password6</msg>
<status status="PASS" starttime="20191028 10:49:08.926" endtime="20191028 10:49:08.927"></status>
</kw>
<kw name="Input Text" library="SeleniumLibrary">
<doc>Types the given ``text`` into the text field identified by ``locator``.</doc>
<arguments>
<arg>id:username</arg>
<arg>${username}</arg>
</arguments>
<msg timestamp="20191028 10:49:08.927" level="INFO">Typing text 'username6' into text field 'id:username'.</msg>
<status status="PASS" starttime="20191028 10:49:08.927" endtime="20191028 10:49:09.059"></status>
</kw>
<kw name="Input Text" library="SeleniumLibrary">
<doc>Types the given ``text`` into the text field identified by ``locator``.</doc>
<arguments>
<arg>id:password</arg>
<arg>${password}</arg>
</arguments>
<msg timestamp="20191028 10:49:09.060" level="INFO">Typing text 'password6' into text field 'id:password'.</msg>
<status status="PASS" starttime="20191028 10:49:09.060" endtime="20191028 10:49:09.188"></status>
</kw>
<kw name="Click Button" library="SeleniumLibrary">
<doc>Clicks the button identified by ``locator``.</doc>
<arguments>
<arg>xpath://button[@type='submit']</arg>
</arguments>
<msg timestamp="20191028 10:49:09.189" level="INFO">Clicking button 'xpath://button[@type='submit']'.</msg>
<status status="PASS" starttime="20191028 10:49:09.189" endtime="20191028 10:49:10.485"></status>
</kw>
<kw name="Sleep" library="BuiltIn">
<doc>Pauses the test executed for the given time.</doc>
<arguments>
<arg>5s</arg>
</arguments>
<msg timestamp="20191028 10:49:15.486" level="INFO">Slept 5 seconds</msg>
<status status="PASS" starttime="20191028 10:49:10.486" endtime="20191028 10:49:15.486"></status>
</kw>
<status status="PASS" starttime="20191028 10:49:08.924" endtime="20191028 10:49:15.486"></status>
</kw>
<status status="PASS" starttime="20191028 10:48:36.313" endtime="20191028 10:49:15.486"></status>
</kw>
<status status="PASS" starttime="20191028 10:48:19.408" endtime="20191028 10:49:15.487" critical="yes"></status>
</test>
<status status="PASS" starttime="20191028 10:48:18.476" endtime="20191028 10:49:15.488"></status>
</suite>
<statistics>
<total>
<stat pass="1" fail="0">Critical Tests</stat>
<stat pass="1" fail="0">All Tests</stat>
</total>
<tag>
</tag>
<suite>
<stat pass="1" fail="0" id="s1" name="ReadingExcelLoop">ReadingExcelLoop</stat>
</suite>
</statistics>
<errors>
</errors>
</robot>
